<?xml version="1.0" encoding="UTF-8"?>
<!-- Generated by org.testng.reporters.JUnitXMLReporter -->
<testsuite ignored="0" hostname="LP-5CG04733XL" failures="1" tests="5" name="LoginTest" time="30.444" errors="0" timestamp="2025-08-23T14:53:19 IST">
  <testcase classname="SwagLabsTestCases.MyCartTestCase" name="verifyCartItemCount" time="5.103"/>
  <testcase classname="SwagLabsTestCases.MyCartTestCase" name="verifyCartContents" time="0.884"/>
  <testcase classname="SwagLabsTestCases.MyCartTestCase" name="verifyRemoveFunctionality" time="13.411">
    <failure type="java.lang.AssertionError" message="Cart should be empty after removing items expected [0] but found [3]">
      <![CDATA[java.lang.AssertionError: Cart should be empty after removing items expected [0] but found [3]
at SwagLabsTestCases.MyCartTestCase.verifyRemoveFunctionality(MyCartTestCase.java:63)
at java.base/java.util.ArrayList.forEach(ArrayList.java:1596)
... Removed 32 stack frames]]>
    </failure>
  </testcase> <!-- verifyRemoveFunctionality -->
  <testcase classname="SwagLabsTestCases.MyCartTestCase" name="verifyEmptyCartMessage" time="2.567"/>
  <testcase classname="SwagLabsTestCases.MyCartTestCase" name="checkOutButtonFunction" time="0.252"/>
</testsuite> <!-- LoginTest -->
