<?xml version="1.0" encoding="UTF-8"?>
<!-- Generated by org.testng.reporters.JUnitXMLReporter -->
<testsuite ignored="0" hostname="LP-5CG5264K71" failures="1" tests="1" name="LoginTest" time="11.336" errors="0" timestamp="2025-08-26T11:36:50 IST">
  <testcase classname="SwagLabsTestCases.LoginTestCase" name="userLogin" time="11.293">
    <failure type="java.lang.AssertionError" message="Expected login to fail for user: visual_user. Error:  expected [false] but found [true]">
      <![CDATA[java.lang.AssertionError: Expected login to fail for user: visual_user. Error:  expected [false] but found [true]
at service.LoginService.performLoginTest(LoginService.java:44)
at SwagLabsTestCases.LoginTestCase.userLogin(LoginTestCase.java:27)
at java.base/java.util.ArrayList.forEach(ArrayList.java:1596)
... Removed 29 stack frames]]>
    </failure>
  </testcase> <!-- userLogin -->
</testsuite> <!-- LoginTest -->
