<?xml version="1.0" encoding="UTF-8"?>
<!-- Generated by org.testng.reporters.JUnitXMLReporter -->
<testsuite ignored="0" hostname="LP-5CG5264K71" failures="1" tests="5" name="MyCartTest" time="25.962" errors="0" timestamp="2025-08-25T13:33:04 IST">
  <testcase classname="SwagLabsTestCases.MyCartTestCase" name="verifyCartItemCount" time="5.029"/>
  <testcase classname="SwagLabsTestCases.MyCartTestCase" name="verifyCartContents" time="0.273"/>
  <testcase classname="SwagLabsTestCases.MyCartTestCase" name="verifyRemoveFunctionality" time="12.521">
    <failure type="java.lang.AssertionError" message="Cart should be empty after removing items expected [0] but found [3]">
      <![CDATA[java.lang.AssertionError: Cart should be empty after removing items expected [0] but found [3]
at SwagLabsTestCases.MyCartTestCase.verifyRemoveFunctionality(MyCartTestCase.java:64)
at java.base/java.util.ArrayList.forEach(ArrayList.java:1596)
... Removed 32 stack frames]]>
    </failure>
  </testcase> <!-- verifyRemoveFunctionality -->
  <testcase classname="SwagLabsTestCases.MyCartTestCase" name="verifyEmptyCartMessage" time="2.191"/>
  <testcase classname="SwagLabsTestCases.MyCartTestCase" name="checkOutButtonFunction" time="0.072"/>
</testsuite> <!-- MyCartTest -->
