<?xml version="1.0" encoding="UTF-8"?>
<!-- Generated by org.testng.reporters.JUnitXMLReporter -->
<testsuite ignored="0" hostname="LP-5CG04733XL" failures="0" tests="3" name="LoginTest" time="19.4" errors="0" timestamp="2025-08-23T14:53:47 IST">
  <testcase classname="SwagLabsTestCases.CheckOut1TestCase" name="uptoMyCart" time="2.105"/>
  <testcase classname="SwagLabsTestCases.CheckOut1TestCase" name="CheckOut1Functions" time="16.552"/>
  <testcase classname="SwagLabsTestCases.CheckOut1TestCase" name="testCancelButtonFunctionality" time="0.727"/>
</testsuite> <!-- LoginTest -->
