<?xml version="1.0" encoding="UTF-8"?>
<!-- Generated by org.testng.reporters.JUnitXMLReporter -->
<testsuite ignored="0" hostname="LP-5CG04733XL" failures="0" tests="2" name="Default test" time="6.942" errors="0" timestamp="2025-08-23T14:20:00 IST">
  <testcase classname="SwagLabsTestCases.ConfirmationPageTestCase" name="ThankYouPagescreenshot" time="0.231"/>
  <testcase classname="SwagLabsTestCases.ConfirmationPageTestCase" name="validateThankYouPage" time="0.335"/>
</testsuite> <!-- Default test -->
