<?xml version="1.0" encoding="UTF-8"?>
<!-- Generated by org.testng.reporters.JUnitXMLReporter -->
<testsuite ignored="0" hostname="LP-5CG5264K71" failures="0" tests="6" name="CheckOutTwoTest" time="4.382" errors="0" timestamp="2025-08-23T16:18:51 IST">
  <testcase classname="SwagLabsTestCases.CheckOutTwoTestCase" name="verifyPageLoad" time="0.016"/>
  <testcase classname="SwagLabsTestCases.CheckOutTwoTestCase" name="validateCheckoutSummary" time="0.152"/>
  <testcase classname="SwagLabsTestCases.CheckOutTwoTestCase" name="validateTotalPriceCalculationWithTax" time="0.066"/>
  <testcase classname="SwagLabsTestCases.CheckOutTwoTestCase" name="clickFinishButton" time="0.092"/>
  <testcase classname="SwagLabsTestCases.CheckOutTwoTestCase" name="testCancelButtonFunctionality" time="0.107"/>
  <testcase classname="SwagLabsTestCases.CheckOutTwoTestCase" name="validatePaymentAndShippingInfo" time="0.045"/>
</testsuite> <!-- CheckOutTwoTest -->
