<?xml version="1.0" encoding="UTF-8"?>
<!-- Generated by org.testng.reporters.JUnitXMLReporter -->
<testsuite ignored="0" hostname="LP-5CG04733XL" failures="0" tests="6" name="CheckOutTwoTest" time="8.455" errors="0" timestamp="2025-08-23T10:12:08 IST">
  <testcase classname="SwagLabsTestCases.CheckOutTwoTestCase" name="verifyPageLoad" time="0.069"/>
  <testcase classname="SwagLabsTestCases.CheckOutTwoTestCase" name="validateCheckoutSummary" time="0.633"/>
  <testcase classname="SwagLabsTestCases.CheckOutTwoTestCase" name="validateTotalPriceCalculationWithTax" time="0.235"/>
  <testcase classname="SwagLabsTestCases.CheckOutTwoTestCase" name="clickFinishButton" time="0.32"/>
  <testcase classname="SwagLabsTestCases.CheckOutTwoTestCase" name="testCancelButtonFunctionality" time="0.381"/>
  <testcase classname="SwagLabsTestCases.CheckOutTwoTestCase" name="validatePaymentAndShippingInfo" time="0.119"/>
</testsuite> <!-- CheckOutTwoTest -->
