<?xml version="1.0" encoding="UTF-8"?>
<!-- Generated by org.testng.reporters.JUnitXMLReporter -->
<testsuite ignored="0" hostname="LP-5CG04733XL" failures="0" tests="3" name="LoginTest" time="34.519" errors="0" timestamp="2025-08-12T17:00:52 IST">
  <testcase classname="SwagLabsTestCases.CheckOut1TestCase" name="uptoMyCart" time="1.723"/>
  <testcase classname="SwagLabsTestCases.CheckOut1TestCase" name="CheckOut1Functions" time="24.797"/>
  <testcase classname="SwagLabsTestCases.CheckOut1TestCase" name="testCancelButtonFunctionality" time="0.749"/>
</testsuite> <!-- LoginTest -->
