<?xml version="1.0" encoding="UTF-8"?>
<!-- Generated by org.testng.reporters.JUnitXMLReporter -->
<testsuite ignored="2" hostname="LP-5CG04733XL" failures="1" tests="1" name="Test - Cancel Button Functionality" time="4.137" errors="0" timestamp="2025-08-05T18:03:50 IST">
  <testcase classname="SwagLabsTestCases.CheckOut1TestCase" name="testCancelButtonFunctionality" time="0.007">
    <failure type="java.lang.NullPointerException">
      <![CDATA[java.lang.NullPointerException
at java.base/java.util.Objects.requireNonNull(Objects.java:233)
at java.base/java.util.ImmutableCollections$Map1.<init>(ImmutableCollections.java:1112)
at java.base/java.util.Map.of(Map.java:1365)
at org.openqa.selenium.remote.DriverCommand.GET(DriverCommand.java:176)
at org.openqa.selenium.remote.RemoteWebDriver.get(RemoteWebDriver.java:312)
at SwagLabsTestCases.CheckOut1TestCase.testCancelButtonFunctionality(CheckOut1TestCase.java:168)
at java.base/java.util.ArrayList.forEach(ArrayList.java:1596)
... Removed 25 stack frames]]>
    </failure>
  </testcase> <!-- testCancelButtonFunctionality -->
  <testcase classname="SwagLabsTestCases.CheckOut1TestCase" name="uptoMyCart" time="0.0">
    <ignored/>
  </testcase> <!-- uptoMyCart -->
  <testcase classname="SwagLabsTestCases.CheckOut1TestCase" name="CheckOut1Functions" time="0.0">
    <ignored/>
  </testcase> <!-- CheckOut1Functions -->
</testsuite> <!-- Test - Cancel Button Functionality -->
