<?xml version="1.0" encoding="UTF-8"?>
<!-- Generated by org.testng.reporters.JUnitXMLReporter -->
<testsuite ignored="0" hostname="LP-5CG5264K71" failures="0" tests="6" name="Checkout Test" time="4.748" errors="0" timestamp="2025-09-01T12:08:48 IST">
  <testcase classname="SwagLabsTestCases.CheckOutTwoTestCase" name="verifyPageLoad" time="0.01"/>
  <testcase classname="SwagLabsTestCases.CheckOutTwoTestCase" name="validateCheckoutSummary" time="0.168"/>
  <testcase classname="SwagLabsTestCases.CheckOutTwoTestCase" name="validateTotalPriceCalculationWithTax" time="0.112"/>
  <testcase classname="SwagLabsTestCases.CheckOutTwoTestCase" name="clickFinishButton" time="0.134"/>
  <testcase classname="SwagLabsTestCases.CheckOutTwoTestCase" name="testCancelButtonFunctionality" time="0.165"/>
  <testcase classname="SwagLabsTestCases.CheckOutTwoTestCase" name="validatePaymentAndShippingInfo" time="0.046"/>
</testsuite> <!-- Checkout Test -->
