<?xml version="1.0" encoding="UTF-8"?>
<!-- Generated by org.testng.reporters.JUnitXMLReporter -->
<testsuite ignored="3" hostname="LP-5CD2125WC0" failures="0" tests="2" name="Test" time="26.748" errors="0" timestamp="2025-07-29T17:59:20 IST">
  <testcase classname="com.hclTech.login.WebCases" name="sendPassword" time="10.135"/>
  <testcase classname="com.hclTech.login.WebCases" name="sendUsername" time="10.162"/>
  <testcase classname="com.hclTech.login.WebCases" name="LoginButton" time="0.0">
    <ignored/>
  </testcase> <!-- LoginButton -->
  <testcase classname="com.hclTech.login.WebCases" name="testValidLogin" time="0.0">
    <ignored/>
  </testcase> <!-- testValidLogin -->
  <testcase classname="com.hclTech.login.WebCases" name="testinValidLogin" time="0.0">
    <ignored/>
  </testcase> <!-- testinValidLogin -->
</testsuite> <!-- Test -->
