<?xml version="1.0" encoding="UTF-8"?>
<!-- Generated by org.testng.reporters.JUnitXMLReporter -->
<testsuite ignored="0" hostname="LP-5CD2125WC0" failures="9" tests="12" name="SwagLabsLoginTests" time="3.393" errors="0" timestamp="2025-07-31T10:10:42 IST">
  <testcase classname="com.hclTech.login.Excel" name="loginTest" time="0.322">
    <failure type="org.opentest4j.AssertionFailedError" message="Login failed! ==&amp;gt; expected: &amp;lt;true&amp;gt; but was: &amp;lt;false&amp;gt;">
      <![CDATA[org.opentest4j.AssertionFailedError: Login failed! ==> expected: <true> but was: <false>
at org.junit.jupiter.api.AssertionUtils.fail(AssertionUtils.java:55)
at org.junit.jupiter.api.AssertTrue.assertTrue(AssertTrue.java:40)
at org.junit.jupiter.api.Assertions.assertTrue(Assertions.java:193)
at com.hclTech.login.Excel.loginTest(Excel.java:58)
at java.base/java.util.ArrayList.forEach(ArrayList.java:1596)
... Removed 25 stack frames]]>
    </failure>
  </testcase> <!-- loginTest -->
  <testcase classname="com.hclTech.login.Excel" name="loginTest" time="0.323"/>
  <testcase classname="com.hclTech.login.Excel" name="loginTest" time="0.275">
    <failure type="org.opentest4j.AssertionFailedError" message="Login failed! ==&amp;gt; expected: &amp;lt;true&amp;gt; but was: &amp;lt;false&amp;gt;">
      <![CDATA[org.opentest4j.AssertionFailedError: Login failed! ==> expected: <true> but was: <false>
at org.junit.jupiter.api.AssertionUtils.fail(AssertionUtils.java:55)
at org.junit.jupiter.api.AssertTrue.assertTrue(AssertTrue.java:40)
at org.junit.jupiter.api.Assertions.assertTrue(Assertions.java:193)
at com.hclTech.login.Excel.loginTest(Excel.java:58)
at java.base/java.util.ArrayList.forEach(ArrayList.java:1596)
... Removed 25 stack frames]]>
    </failure>
  </testcase> <!-- loginTest -->
  <testcase classname="com.hclTech.login.Excel" name="loginTest" time="0.286"/>
  <testcase classname="com.hclTech.login.Excel" name="loginTest" time="0.26">
    <failure type="org.opentest4j.AssertionFailedError" message="Login failed! ==&amp;gt; expected: &amp;lt;true&amp;gt; but was: &amp;lt;false&amp;gt;">
      <![CDATA[org.opentest4j.AssertionFailedError: Login failed! ==> expected: <true> but was: <false>
at org.junit.jupiter.api.AssertionUtils.fail(AssertionUtils.java:55)
at org.junit.jupiter.api.AssertTrue.assertTrue(AssertTrue.java:40)
at org.junit.jupiter.api.Assertions.assertTrue(Assertions.java:193)
at com.hclTech.login.Excel.loginTest(Excel.java:58)
at java.base/java.util.ArrayList.forEach(ArrayList.java:1596)
... Removed 25 stack frames]]>
    </failure>
  </testcase> <!-- loginTest -->
  <testcase classname="com.hclTech.login.Excel" name="loginTest" time="0.204">
    <failure type="org.opentest4j.AssertionFailedError" message="Login failed! ==&amp;gt; expected: &amp;lt;true&amp;gt; but was: &amp;lt;false&amp;gt;">
      <![CDATA[org.opentest4j.AssertionFailedError: Login failed! ==> expected: <true> but was: <false>
at org.junit.jupiter.api.AssertionUtils.fail(AssertionUtils.java:55)
at org.junit.jupiter.api.AssertTrue.assertTrue(AssertTrue.java:40)
at org.junit.jupiter.api.Assertions.assertTrue(Assertions.java:193)
at com.hclTech.login.Excel.loginTest(Excel.java:58)
at java.base/java.util.ArrayList.forEach(ArrayList.java:1596)
... Removed 25 stack frames]]>
    </failure>
  </testcase> <!-- loginTest -->
  <testcase classname="com.hclTech.login.Excel" name="loginTest" time="0.17">
    <failure type="org.opentest4j.AssertionFailedError" message="Login failed! ==&amp;gt; expected: &amp;lt;true&amp;gt; but was: &amp;lt;false&amp;gt;">
      <![CDATA[org.opentest4j.AssertionFailedError: Login failed! ==> expected: <true> but was: <false>
at org.junit.jupiter.api.AssertionUtils.fail(AssertionUtils.java:55)
at org.junit.jupiter.api.AssertTrue.assertTrue(AssertTrue.java:40)
at org.junit.jupiter.api.Assertions.assertTrue(Assertions.java:193)
at com.hclTech.login.Excel.loginTest(Excel.java:58)
at java.base/java.util.ArrayList.forEach(ArrayList.java:1596)
... Removed 25 stack frames]]>
    </failure>
  </testcase> <!-- loginTest -->
  <testcase classname="com.hclTech.login.Excel" name="loginTest" time="0.169">
    <failure type="org.opentest4j.AssertionFailedError" message="Login failed! ==&amp;gt; expected: &amp;lt;true&amp;gt; but was: &amp;lt;false&amp;gt;">
      <![CDATA[org.opentest4j.AssertionFailedError: Login failed! ==> expected: <true> but was: <false>
at org.junit.jupiter.api.AssertionUtils.fail(AssertionUtils.java:55)
at org.junit.jupiter.api.AssertTrue.assertTrue(AssertTrue.java:40)
at org.junit.jupiter.api.Assertions.assertTrue(Assertions.java:193)
at com.hclTech.login.Excel.loginTest(Excel.java:58)
at java.base/java.util.ArrayList.forEach(ArrayList.java:1596)
... Removed 25 stack frames]]>
    </failure>
  </testcase> <!-- loginTest -->
  <testcase classname="com.hclTech.login.Excel" name="loginTest" time="0.225">
    <failure type="org.opentest4j.AssertionFailedError" message="Login failed! ==&amp;gt; expected: &amp;lt;true&amp;gt; but was: &amp;lt;false&amp;gt;">
      <![CDATA[org.opentest4j.AssertionFailedError: Login failed! ==> expected: <true> but was: <false>
at org.junit.jupiter.api.AssertionUtils.fail(AssertionUtils.java:55)
at org.junit.jupiter.api.AssertTrue.assertTrue(AssertTrue.java:40)
at org.junit.jupiter.api.Assertions.assertTrue(Assertions.java:193)
at com.hclTech.login.Excel.loginTest(Excel.java:58)
at java.base/java.util.ArrayList.forEach(ArrayList.java:1596)
... Removed 25 stack frames]]>
    </failure>
  </testcase> <!-- loginTest -->
  <testcase classname="com.hclTech.login.Excel" name="loginTest" time="0.214">
    <failure type="org.opentest4j.AssertionFailedError" message="Login failed! ==&amp;gt; expected: &amp;lt;true&amp;gt; but was: &amp;lt;false&amp;gt;">
      <![CDATA[org.opentest4j.AssertionFailedError: Login failed! ==> expected: <true> but was: <false>
at org.junit.jupiter.api.AssertionUtils.fail(AssertionUtils.java:55)
at org.junit.jupiter.api.AssertTrue.assertTrue(AssertTrue.java:40)
at org.junit.jupiter.api.Assertions.assertTrue(Assertions.java:193)
at com.hclTech.login.Excel.loginTest(Excel.java:58)
at java.base/java.util.ArrayList.forEach(ArrayList.java:1596)
... Removed 25 stack frames]]>
    </failure>
  </testcase> <!-- loginTest -->
  <testcase classname="com.hclTech.login.Excel" name="loginTest" time="0.224">
    <failure type="org.opentest4j.AssertionFailedError" message="Login failed! ==&amp;gt; expected: &amp;lt;true&amp;gt; but was: &amp;lt;false&amp;gt;">
      <![CDATA[org.opentest4j.AssertionFailedError: Login failed! ==> expected: <true> but was: <false>
at org.junit.jupiter.api.AssertionUtils.fail(AssertionUtils.java:55)
at org.junit.jupiter.api.AssertTrue.assertTrue(AssertTrue.java:40)
at org.junit.jupiter.api.Assertions.assertTrue(Assertions.java:193)
at com.hclTech.login.Excel.loginTest(Excel.java:58)
at java.base/java.util.ArrayList.forEach(ArrayList.java:1596)
... Removed 25 stack frames]]>
    </failure>
  </testcase> <!-- loginTest -->
  <testcase classname="com.hclTech.login.Excel" name="tc1" time="0.019"/>
</testsuite> <!-- SwagLabsLoginTests -->
