<?xml version="1.0" encoding="UTF-8"?>
<!-- Generated by org.testng.reporters.JUnitXMLReporter -->
<testsuite ignored="0" hostname="LP-5CG04733XL" failures="0" tests="6" name="CheckOutTwoTest" time="8.15" errors="0" timestamp="2025-08-23T14:54:04 IST">
  <testcase classname="SwagLabsTestCases.CheckOutTwoTestCase" name="verifyPageLoad" time="0.032"/>
  <testcase classname="SwagLabsTestCases.CheckOutTwoTestCase" name="validateCheckoutSummary" time="0.413"/>
  <testcase classname="SwagLabsTestCases.CheckOutTwoTestCase" name="validateTotalPriceCalculationWithTax" time="0.213"/>
  <testcase classname="SwagLabsTestCases.CheckOutTwoTestCase" name="clickFinishButton" time="0.38"/>
  <testcase classname="SwagLabsTestCases.CheckOutTwoTestCase" name="testCancelButtonFunctionality" time="0.458"/>
  <testcase classname="SwagLabsTestCases.CheckOutTwoTestCase" name="validatePaymentAndShippingInfo" time="0.127"/>
</testsuite> <!-- CheckOutTwoTest -->
