<?xml version="1.0" encoding="UTF-8"?>
<testng-results ignored="0" total="6" passed="6" failed="0" skipped="0">
  <reporter-output>
  </reporter-output>
  <suite started-at="2025-08-23T16:25:59 IST" name="SwagLabs Product Suite" finished-at="2025-08-23T16:26:09 IST" duration-ms="9375">
    <groups>
    </groups>
    <test started-at="2025-08-23T16:25:59 IST" name="ProductTest" finished-at="2025-08-23T16:26:09 IST" duration-ms="9375">
      <class name="SwagLabsTestCases.ProductTestCase">
        <test-method is-config="true" signature="setup(java.lang.String)[pri:0, instance:SwagLabsTestCases.ProductTestCase@5fbe4146]" started-at="2025-08-23T16:25:56 IST" name="setup" finished-at="2025-08-23T16:25:59 IST" duration-ms="3065" status="PASS">
          <params>
            <param index="0">
              <value>
                <![CDATA[edge]]>
              </value>
            </param>
          </params>
          <reporter-output>
          </reporter-output>
        </test-method> <!-- setup -->
        <test-method is-config="true" signature="LoginProcess()[pri:0, instance:SwagLabsTestCases.ProductTestCase@5fbe4146]" started-at="2025-08-23T16:25:59 IST" name="LoginProcess" finished-at="2025-08-23T16:26:03 IST" duration-ms="3460" status="PASS">
          <reporter-output>
          </reporter-output>
        </test-method> <!-- LoginProcess -->
        <test-method signature="checkCartIconIfNoProductsAdded()[pri:1, instance:SwagLabsTestCases.ProductTestCase@5fbe4146]" started-at="2025-08-23T16:26:03 IST" name="checkCartIconIfNoProductsAdded" finished-at="2025-08-23T16:26:03 IST" duration-ms="41" status="PASS">
          <reporter-output>
          </reporter-output>
        </test-method> <!-- checkCartIconIfNoProductsAdded -->
        <test-method signature="checkCartIconIfProductsAdded()[pri:2, instance:SwagLabsTestCases.ProductTestCase@5fbe4146]" started-at="2025-08-23T16:26:03 IST" name="checkCartIconIfProductsAdded" finished-at="2025-08-23T16:26:04 IST" duration-ms="1502" status="PASS">
          <reporter-output>
          </reporter-output>
        </test-method> <!-- checkCartIconIfProductsAdded -->
        <test-method signature="checkCartIconAfterAddingMultipleProducts()[pri:3, instance:SwagLabsTestCases.ProductTestCase@5fbe4146]" started-at="2025-08-23T16:26:04 IST" name="checkCartIconAfterAddingMultipleProducts" finished-at="2025-08-23T16:26:07 IST" duration-ms="2920" status="PASS">
          <reporter-output>
          </reporter-output>
        </test-method> <!-- checkCartIconAfterAddingMultipleProducts -->
        <test-method signature="validateAllProductPrices()[pri:4, instance:SwagLabsTestCases.ProductTestCase@5fbe4146]" started-at="2025-08-23T16:26:07 IST" name="validateAllProductPrices" finished-at="2025-08-23T16:26:08 IST" duration-ms="309" status="PASS">
          <reporter-output>
          </reporter-output>
        </test-method> <!-- validateAllProductPrices -->
        <test-method signature="printAllProductsWithDetails()[pri:5, instance:SwagLabsTestCases.ProductTestCase@5fbe4146]" started-at="2025-08-23T16:26:08 IST" name="printAllProductsWithDetails" finished-at="2025-08-23T16:26:08 IST" duration-ms="361" status="PASS">
          <reporter-output>
          </reporter-output>
        </test-method> <!-- printAllProductsWithDetails -->
        <test-method signature="validateAllFilters()[pri:7, instance:SwagLabsTestCases.ProductTestCase@5fbe4146]" started-at="2025-08-23T16:26:08 IST" name="validateAllFilters" finished-at="2025-08-23T16:26:09 IST" duration-ms="743" status="PASS">
          <reporter-output>
          </reporter-output>
        </test-method> <!-- validateAllFilters -->
        <test-method is-config="true" signature="tearDown()[pri:0, instance:SwagLabsTestCases.ProductTestCase@5fbe4146]" started-at="2025-08-23T16:26:09 IST" name="tearDown" finished-at="2025-08-23T16:26:09 IST" duration-ms="549" status="PASS">
          <reporter-output>
          </reporter-output>
        </test-method> <!-- tearDown -->
        <test-method is-config="true" signature="closeBrowser()[pri:0, instance:SwagLabsTestCases.ProductTestCase@5fbe4146]" started-at="2025-08-23T16:26:09 IST" name="closeBrowser" finished-at="2025-08-23T16:26:09 IST" depends-on-methods="SwagLabsTestCases.ProductTestCase.tearDown" duration-ms="3" status="FAIL">
          <exception class="org.openqa.selenium.NoSuchSessionException">
            <message>
              <![CDATA[Session ID is null. Using WebDriver after calling quit()?
Build info: version: '4.33.0', revision: '2c6aaad03a'
System info: os.name: 'Windows 11', os.arch: 'amd64', os.version: '10.0', java.version: '21.0.8'
Driver info: org.openqa.selenium.edge.EdgeDriver
Command: [null, close {}]
Capabilities {acceptInsecureCerts: false, browserName: MicrosoftEdge, browserVersion: 139.0.3405.111, fedcm:accounts: true, ms:edgeOptions: {debuggerAddress: localhost:50323}, msedge: {msedgedriverVersion: 138.0.3351.109 (3e2a22a9de0..., userDataDir: C:\Users\PRIYAD~1.P\AppData...}, networkConnectionEnabled: false, pageLoadStrategy: normal, platformName: windows, proxy: Proxy(), se:cdp: ws://localhost:50323/devtoo..., se:cdpVersion: 139.0.3405.111, setWindowRect: true, strictFileInteractability: false, timeouts: {implicit: 0, pageLoad: 300000, script: 30000}, unhandledPromptBehavior: dismiss and notify, webauthn:extension:credBlob: true, webauthn:extension:largeBlob: true, webauthn:extension:minPinLength: true, webauthn:extension:prf: true, webauthn:virtualAuthenticators: true}]]>
            </message>
            <full-stacktrace>
              <![CDATA[org.openqa.selenium.NoSuchSessionException: Session ID is null. Using WebDriver after calling quit()?
Build info: version: '4.33.0', revision: '2c6aaad03a'
System info: os.name: 'Windows 11', os.arch: 'amd64', os.version: '10.0', java.version: '21.0.8'
Driver info: org.openqa.selenium.edge.EdgeDriver
Command: [null, close {}]
Capabilities {acceptInsecureCerts: false, browserName: MicrosoftEdge, browserVersion: 139.0.3405.111, fedcm:accounts: true, ms:edgeOptions: {debuggerAddress: localhost:50323}, msedge: {msedgedriverVersion: 138.0.3351.109 (3e2a22a9de0..., userDataDir: C:\Users\PRIYAD~1.P\AppData...}, networkConnectionEnabled: false, pageLoadStrategy: normal, platformName: windows, proxy: Proxy(), se:cdp: ws://localhost:50323/devtoo..., se:cdpVersion: 139.0.3405.111, setWindowRect: true, strictFileInteractability: false, timeouts: {implicit: 0, pageLoad: 300000, script: 30000}, unhandledPromptBehavior: dismiss and notify, webauthn:extension:credBlob: true, webauthn:extension:largeBlob: true, webauthn:extension:minPinLength: true, webauthn:extension:prf: true, webauthn:virtualAuthenticators: true}
at org.openqa.selenium.remote.HttpCommandExecutor.execute(HttpCommandExecutor.java:176)
at org.openqa.selenium.remote.service.DriverCommandExecutor.invokeExecute(DriverCommandExecutor.java:216)
at org.openqa.selenium.remote.service.DriverCommandExecutor.execute(DriverCommandExecutor.java:174)
at org.openqa.selenium.remote.RemoteWebDriver.execute(RemoteWebDriver.java:544)
at org.openqa.selenium.remote.RemoteWebDriver.execute(RemoteWebDriver.java:617)
at org.openqa.selenium.remote.RemoteWebDriver.execute(RemoteWebDriver.java:621)
at org.openqa.selenium.remote.RemoteWebDriver.close(RemoteWebDriver.java:417)
at Common.BrowserFactory.closeBrowser(BrowserFactory.java:49)
at java.base/jdk.internal.reflect.DirectMethodHandleAccessor.invoke(DirectMethodHandleAccessor.java:103)
at java.base/java.lang.reflect.Method.invoke(Method.java:580)
at org.testng.internal.invokers.MethodInvocationHelper.invokeMethod(MethodInvocationHelper.java:141)
at org.testng.internal.invokers.MethodInvocationHelper.invokeMethodConsideringTimeout(MethodInvocationHelper.java:71)
at org.testng.internal.invokers.ConfigInvoker.invokeConfigurationMethod(ConfigInvoker.java:400)
at org.testng.internal.invokers.ConfigInvoker.invokeConfigurations(ConfigInvoker.java:333)
at org.testng.SuiteRunner.privateRun(SuiteRunner.java:386)
at org.testng.SuiteRunner.run(SuiteRunner.java:312)
at org.testng.SuiteRunnerWorker.runSuite(SuiteRunnerWorker.java:52)
at org.testng.SuiteRunnerWorker.run(SuiteRunnerWorker.java:95)
at org.testng.TestNG.runSuitesSequentially(TestNG.java:1274)
at org.testng.TestNG.runSuitesLocally(TestNG.java:1208)
at org.testng.TestNG.runSuites(TestNG.java:1112)
at org.testng.TestNG.run(TestNG.java:1079)
at org.testng.remote.AbstractRemoteTestNG.run(AbstractRemoteTestNG.java:115)
at org.testng.remote.RemoteTestNG.initAndRun(RemoteTestNG.java:293)
at org.testng.remote.RemoteTestNG.main(RemoteTestNG.java:91)
]]>
            </full-stacktrace>
          </exception> <!-- org.openqa.selenium.NoSuchSessionException -->
          <reporter-output>
          </reporter-output>
        </test-method> <!-- closeBrowser -->
      </class> <!-- SwagLabsTestCases.ProductTestCase -->
    </test> <!-- ProductTest -->
  </suite> <!-- SwagLabs Product Suite -->
</testng-results>
