<?xml version="1.0" encoding="UTF-8"?>
<testng-results ignored="0" total="20" passed="20" failed="0" skipped="0">
  <reporter-output>
  </reporter-output>
  <suite started-at="2025-08-25T17:17:09 IST" name="SwagLabs Group Complete Suite" finished-at="2025-08-25T17:17:09 IST" duration-ms="0">
    <groups>
    </groups>
  </suite> <!-- SwagLabs Group Complete Suite -->
  <suite started-at="2025-08-25T17:16:05 IST" name="SwagLabs Login Suite" finished-at="2025-08-25T17:16:13 IST" duration-ms="7941">
    <groups>
    </groups>
    <test started-at="2025-08-25T17:16:05 IST" name="LoginTest" finished-at="2025-08-25T17:16:13 IST" duration-ms="7941">
      <class name="SwagLabsTestCases.LoginTestCase">
        <test-method is-config="true" signature="setup(java.lang.String)[pri:0, instance:SwagLabsTestCases.LoginTestCase@4988d8b8]" started-at="2025-08-25T17:16:02 IST" name="setup" finished-at="2025-08-25T17:16:05 IST" duration-ms="3302" status="PASS">
          <params>
            <param index="0">
              <value>
                <![CDATA[edge]]>
              </value>
            </param>
          </params>
          <reporter-output>
          </reporter-output>
        </test-method> <!-- setup -->
        <test-method signature="userLogin()[pri:1, instance:SwagLabsTestCases.LoginTestCase@4988d8b8]" started-at="2025-08-25T17:16:05 IST" name="userLogin" finished-at="2025-08-25T17:16:13 IST" duration-ms="7910" status="PASS">
          <reporter-output>
          </reporter-output>
        </test-method> <!-- userLogin -->
        <test-method is-config="true" signature="tearDown()[pri:0, instance:SwagLabsTestCases.LoginTestCase@4988d8b8]" started-at="2025-08-25T17:16:13 IST" name="tearDown" finished-at="2025-08-25T17:16:14 IST" duration-ms="626" status="PASS">
          <reporter-output>
          </reporter-output>
        </test-method> <!-- tearDown -->
      </class> <!-- SwagLabsTestCases.LoginTestCase -->
    </test> <!-- LoginTest -->
  </suite> <!-- SwagLabs Login Suite -->
  <suite started-at="2025-08-25T17:16:26 IST" name="SwagLabs MyCart Suite" finished-at="2025-08-25T17:16:43 IST" duration-ms="16867">
    <groups>
    </groups>
    <test started-at="2025-08-25T17:16:26 IST" name="MyCartTest" finished-at="2025-08-25T17:16:43 IST" duration-ms="16867">
      <class name="SwagLabsTestCases.MyCartTestCase">
        <test-method is-config="true" signature="setup(java.lang.String)[pri:0, instance:SwagLabsTestCases.MyCartTestCase@11fc564b]" started-at="2025-08-25T17:16:24 IST" name="setup" finished-at="2025-08-25T17:16:26 IST" duration-ms="2774" status="PASS">
          <params>
            <param index="0">
              <value>
                <![CDATA[edge]]>
              </value>
            </param>
          </params>
          <reporter-output>
          </reporter-output>
        </test-method> <!-- setup -->
        <test-method is-config="true" signature="cartLoginProcess()[pri:0, instance:SwagLabsTestCases.MyCartTestCase@11fc564b]" started-at="2025-08-25T17:16:26 IST" name="cartLoginProcess" finished-at="2025-08-25T17:16:32 IST" duration-ms="5980" status="PASS">
          <reporter-output>
          </reporter-output>
        </test-method> <!-- cartLoginProcess -->
        <test-method signature="verifyCartItemCount()[pri:1, instance:SwagLabsTestCases.MyCartTestCase@11fc564b]" started-at="2025-08-25T17:16:32 IST" name="verifyCartItemCount" finished-at="2025-08-25T17:16:37 IST" duration-ms="5039" status="PASS">
          <reporter-output>
          </reporter-output>
        </test-method> <!-- verifyCartItemCount -->
        <test-method signature="verifyCartContents()[pri:2, instance:SwagLabsTestCases.MyCartTestCase@11fc564b]" started-at="2025-08-25T17:16:37 IST" name="verifyCartContents" finished-at="2025-08-25T17:16:38 IST" duration-ms="334" status="PASS">
          <reporter-output>
          </reporter-output>
        </test-method> <!-- verifyCartContents -->
        <test-method signature="verifyEmptyCartMessage()[pri:4, instance:SwagLabsTestCases.MyCartTestCase@11fc564b]" started-at="2025-08-25T17:16:38 IST" name="verifyEmptyCartMessage" finished-at="2025-08-25T17:16:43 IST" duration-ms="5405" status="PASS">
          <reporter-output>
          </reporter-output>
        </test-method> <!-- verifyEmptyCartMessage -->
        <test-method signature="checkOutButtonFunction()[pri:5, instance:SwagLabsTestCases.MyCartTestCase@11fc564b]" started-at="2025-08-25T17:16:43 IST" name="checkOutButtonFunction" finished-at="2025-08-25T17:16:43 IST" duration-ms="99" status="PASS">
          <reporter-output>
          </reporter-output>
        </test-method> <!-- checkOutButtonFunction -->
        <test-method is-config="true" signature="tearDown()[pri:0, instance:SwagLabsTestCases.MyCartTestCase@11fc564b]" started-at="2025-08-25T17:16:43 IST" name="tearDown" finished-at="2025-08-25T17:16:44 IST" duration-ms="634" status="PASS">
          <reporter-output>
          </reporter-output>
        </test-method> <!-- tearDown -->
      </class> <!-- SwagLabsTestCases.MyCartTestCase -->
    </test> <!-- MyCartTest -->
  </suite> <!-- SwagLabs MyCart Suite -->
  <suite started-at="2025-08-25T17:17:04 IST" name="SwagLabs Confirmation Suite" finished-at="2025-08-25T17:17:09 IST" duration-ms="4062">
    <groups>
    </groups>
    <test started-at="2025-08-25T17:17:04 IST" name="CheckOutConfirmationTest" finished-at="2025-08-25T17:17:09 IST" duration-ms="4062">
      <class name="SwagLabsTestCases.ConfirmationPageTestCase">
        <test-method is-config="true" signature="setup(java.lang.String)[pri:0, instance:SwagLabsTestCases.ConfirmationPageTestCase@5ab9e72c]" started-at="2025-08-25T17:17:02 IST" name="setup" finished-at="2025-08-25T17:17:04 IST" duration-ms="2570" status="PASS">
          <params>
            <param index="0">
              <value>
                <![CDATA[edge]]>
              </value>
            </param>
          </params>
          <reporter-output>
          </reporter-output>
        </test-method> <!-- setup -->
        <test-method is-config="true" signature="LoginProcessForConfirmationPage()[pri:0, instance:SwagLabsTestCases.ConfirmationPageTestCase@5ab9e72c]" started-at="2025-08-25T17:17:04 IST" name="LoginProcessForConfirmationPage" finished-at="2025-08-25T17:17:08 IST" duration-ms="3837" status="PASS">
          <reporter-output>
          </reporter-output>
        </test-method> <!-- LoginProcessForConfirmationPage -->
        <test-method signature="ThankYouPagescreenshot()[pri:1, instance:SwagLabsTestCases.ConfirmationPageTestCase@5ab9e72c]" started-at="2025-08-25T17:17:08 IST" name="ThankYouPagescreenshot" finished-at="2025-08-25T17:17:08 IST" duration-ms="129" status="PASS">
          <reporter-output>
          </reporter-output>
        </test-method> <!-- ThankYouPagescreenshot -->
        <test-method signature="validateThankYouPage()[pri:2, instance:SwagLabsTestCases.ConfirmationPageTestCase@5ab9e72c]" started-at="2025-08-25T17:17:08 IST" name="validateThankYouPage" finished-at="2025-08-25T17:17:09 IST" duration-ms="90" status="PASS">
          <reporter-output>
          </reporter-output>
        </test-method> <!-- validateThankYouPage -->
        <test-method is-config="true" signature="tearDown()[pri:0, instance:SwagLabsTestCases.ConfirmationPageTestCase@5ab9e72c]" started-at="2025-08-25T17:17:09 IST" name="tearDown" finished-at="2025-08-25T17:17:09 IST" duration-ms="431" status="PASS">
          <reporter-output>
          </reporter-output>
        </test-method> <!-- tearDown -->
      </class> <!-- SwagLabsTestCases.ConfirmationPageTestCase -->
    </test> <!-- CheckOutConfirmationTest -->
  </suite> <!-- SwagLabs Confirmation Suite -->
  <suite started-at="2025-08-25T17:16:17 IST" name="SwagLabs Product Suite" finished-at="2025-08-25T17:16:23 IST" duration-ms="6366">
    <groups>
    </groups>
    <test started-at="2025-08-25T17:16:17 IST" name="ProductTest" finished-at="2025-08-25T17:16:23 IST" duration-ms="6366">
      <class name="SwagLabsTestCases.ProductTestCase">
        <test-method is-config="true" signature="setup(java.lang.String)[pri:0, instance:SwagLabsTestCases.ProductTestCase@683dbc2c]" started-at="2025-08-25T17:16:14 IST" name="setup" finished-at="2025-08-25T17:16:17 IST" duration-ms="2837" status="PASS">
          <params>
            <param index="0">
              <value>
                <![CDATA[edge]]>
              </value>
            </param>
          </params>
          <reporter-output>
          </reporter-output>
        </test-method> <!-- setup -->
        <test-method is-config="true" signature="LoginProcess()[pri:0, instance:SwagLabsTestCases.ProductTestCase@683dbc2c]" started-at="2025-08-25T17:16:17 IST" name="LoginProcess" finished-at="2025-08-25T17:16:20 IST" duration-ms="3347" status="PASS">
          <reporter-output>
          </reporter-output>
        </test-method> <!-- LoginProcess -->
        <test-method signature="checkCartIconIfNoProductsAdded()[pri:1, instance:SwagLabsTestCases.ProductTestCase@683dbc2c]" started-at="2025-08-25T17:16:20 IST" name="checkCartIconIfNoProductsAdded" finished-at="2025-08-25T17:16:20 IST" duration-ms="67" status="PASS">
          <reporter-output>
          </reporter-output>
        </test-method> <!-- checkCartIconIfNoProductsAdded -->
        <test-method signature="checkCartIconIfProductsAdded()[pri:2, instance:SwagLabsTestCases.ProductTestCase@683dbc2c]" started-at="2025-08-25T17:16:20 IST" name="checkCartIconIfProductsAdded" finished-at="2025-08-25T17:16:21 IST" duration-ms="742" status="PASS">
          <reporter-output>
          </reporter-output>
        </test-method> <!-- checkCartIconIfProductsAdded -->
        <test-method signature="checkCartIconAfterAddingMultipleProducts()[pri:3, instance:SwagLabsTestCases.ProductTestCase@683dbc2c]" started-at="2025-08-25T17:16:21 IST" name="checkCartIconAfterAddingMultipleProducts" finished-at="2025-08-25T17:16:22 IST" duration-ms="895" status="PASS">
          <reporter-output>
          </reporter-output>
        </test-method> <!-- checkCartIconAfterAddingMultipleProducts -->
        <test-method signature="validateAllProductPrices()[pri:4, instance:SwagLabsTestCases.ProductTestCase@683dbc2c]" started-at="2025-08-25T17:16:22 IST" name="validateAllProductPrices" finished-at="2025-08-25T17:16:22 IST" duration-ms="293" status="PASS">
          <reporter-output>
          </reporter-output>
        </test-method> <!-- validateAllProductPrices -->
        <test-method signature="printAllProductsWithDetails()[pri:5, instance:SwagLabsTestCases.ProductTestCase@683dbc2c]" started-at="2025-08-25T17:16:22 IST" name="printAllProductsWithDetails" finished-at="2025-08-25T17:16:22 IST" duration-ms="343" status="PASS">
          <reporter-output>
          </reporter-output>
        </test-method> <!-- printAllProductsWithDetails -->
        <test-method signature="validateAllFilters()[pri:7, instance:SwagLabsTestCases.ProductTestCase@683dbc2c]" started-at="2025-08-25T17:16:22 IST" name="validateAllFilters" finished-at="2025-08-25T17:16:23 IST" duration-ms="665" status="PASS">
          <reporter-output>
          </reporter-output>
        </test-method> <!-- validateAllFilters -->
        <test-method is-config="true" signature="tearDown()[pri:0, instance:SwagLabsTestCases.ProductTestCase@683dbc2c]" started-at="2025-08-25T17:16:23 IST" name="tearDown" finished-at="2025-08-25T17:16:24 IST" duration-ms="361" status="PASS">
          <reporter-output>
          </reporter-output>
        </test-method> <!-- tearDown -->
      </class> <!-- SwagLabsTestCases.ProductTestCase -->
    </test> <!-- ProductTest -->
  </suite> <!-- SwagLabs Product Suite -->
  <suite started-at="2025-08-25T17:16:47 IST" name="SwagLabs Checkout Suite" finished-at="2025-08-25T17:16:54 IST" duration-ms="6723">
    <groups>
    </groups>
    <test started-at="2025-08-25T17:16:47 IST" name="checkOut1Test" finished-at="2025-08-25T17:16:54 IST" duration-ms="6723">
      <class name="SwagLabsTestCases.CheckOut1TestCase">
        <test-method is-config="true" signature="setup(java.lang.String)[pri:0, instance:SwagLabsTestCases.CheckOut1TestCase@3f56875e]" started-at="2025-08-25T17:16:44 IST" name="setup" finished-at="2025-08-25T17:16:47 IST" duration-ms="3304" status="PASS">
          <params>
            <param index="0">
              <value>
                <![CDATA[edge]]>
              </value>
            </param>
          </params>
          <reporter-output>
          </reporter-output>
        </test-method> <!-- setup -->
        <test-method is-config="true" signature="uptoMyCart()[pri:0, instance:SwagLabsTestCases.CheckOut1TestCase@3f56875e]" started-at="2025-08-25T17:16:47 IST" name="uptoMyCart" finished-at="2025-08-25T17:16:48 IST" duration-ms="591" status="PASS">
          <reporter-output>
          </reporter-output>
        </test-method> <!-- uptoMyCart -->
        <test-method signature="CheckOut1Functions()[pri:1, instance:SwagLabsTestCases.CheckOut1TestCase@3f56875e]" started-at="2025-08-25T17:16:48 IST" name="CheckOut1Functions" finished-at="2025-08-25T17:16:54 IST" duration-ms="6126" status="PASS">
          <reporter-output>
          </reporter-output>
        </test-method> <!-- CheckOut1Functions -->
        <test-method is-config="true" signature="tearDown()[pri:0, instance:SwagLabsTestCases.CheckOut1TestCase@3f56875e]" started-at="2025-08-25T17:16:54 IST" name="tearDown" finished-at="2025-08-25T17:16:54 IST" duration-ms="410" status="PASS">
          <reporter-output>
          </reporter-output>
        </test-method> <!-- tearDown -->
      </class> <!-- SwagLabsTestCases.CheckOut1TestCase -->
    </test> <!-- checkOut1Test -->
  </suite> <!-- SwagLabs Checkout Suite -->
  <suite started-at="2025-08-25T17:16:57 IST" name="SwagLabs Checkout Suite (0)" finished-at="2025-08-25T17:17:01 IST" duration-ms="4413">
    <groups>
    </groups>
    <test started-at="2025-08-25T17:16:57 IST" name="CheckOutTwoTest" finished-at="2025-08-25T17:17:01 IST" duration-ms="4413">
      <class name="SwagLabsTestCases.CheckOutTwoTestCase">
        <test-method is-config="true" signature="setup(java.lang.String)[pri:0, instance:SwagLabsTestCases.CheckOutTwoTestCase@60015ef5]" started-at="2025-08-25T17:16:54 IST" name="setup" finished-at="2025-08-25T17:16:57 IST" duration-ms="2774" status="PASS">
          <params>
            <param index="0">
              <value>
                <![CDATA[edge]]>
              </value>
            </param>
          </params>
          <reporter-output>
          </reporter-output>
        </test-method> <!-- setup -->
        <test-method is-config="true" signature="LoginProcessForCheckOutTwo()[pri:0, instance:SwagLabsTestCases.CheckOutTwoTestCase@60015ef5]" started-at="2025-08-25T17:16:57 IST" name="LoginProcessForCheckOutTwo" finished-at="2025-08-25T17:17:01 IST" duration-ms="3861" status="PASS">
          <reporter-output>
          </reporter-output>
        </test-method> <!-- LoginProcessForCheckOutTwo -->
        <test-method signature="verifyPageLoad()[pri:1, instance:SwagLabsTestCases.CheckOutTwoTestCase@60015ef5]" started-at="2025-08-25T17:17:01 IST" name="verifyPageLoad" finished-at="2025-08-25T17:17:01 IST" duration-ms="11" status="PASS">
          <reporter-output>
          </reporter-output>
        </test-method> <!-- verifyPageLoad -->
        <test-method signature="validateCheckoutSummary()[pri:2, instance:SwagLabsTestCases.CheckOutTwoTestCase@60015ef5]" started-at="2025-08-25T17:17:01 IST" name="validateCheckoutSummary" finished-at="2025-08-25T17:17:01 IST" duration-ms="151" status="PASS">
          <reporter-output>
          </reporter-output>
        </test-method> <!-- validateCheckoutSummary -->
        <test-method signature="validateTotalPriceCalculationWithTax()[pri:3, instance:SwagLabsTestCases.CheckOutTwoTestCase@60015ef5]" started-at="2025-08-25T17:17:01 IST" name="validateTotalPriceCalculationWithTax" finished-at="2025-08-25T17:17:01 IST" duration-ms="92" status="PASS">
          <reporter-output>
          </reporter-output>
        </test-method> <!-- validateTotalPriceCalculationWithTax -->
        <test-method signature="clickFinishButton()[pri:4, instance:SwagLabsTestCases.CheckOutTwoTestCase@60015ef5]" started-at="2025-08-25T17:17:01 IST" name="clickFinishButton" finished-at="2025-08-25T17:17:01 IST" duration-ms="129" status="PASS">
          <reporter-output>
          </reporter-output>
        </test-method> <!-- clickFinishButton -->
        <test-method signature="testCancelButtonFunctionality()[pri:5, instance:SwagLabsTestCases.CheckOutTwoTestCase@60015ef5]" started-at="2025-08-25T17:17:01 IST" name="testCancelButtonFunctionality" finished-at="2025-08-25T17:17:01 IST" duration-ms="123" status="PASS">
          <reporter-output>
          </reporter-output>
        </test-method> <!-- testCancelButtonFunctionality -->
        <test-method signature="validatePaymentAndShippingInfo()[pri:6, instance:SwagLabsTestCases.CheckOutTwoTestCase@60015ef5]" started-at="2025-08-25T17:17:01 IST" name="validatePaymentAndShippingInfo" finished-at="2025-08-25T17:17:01 IST" duration-ms="37" status="PASS">
          <reporter-output>
          </reporter-output>
        </test-method> <!-- validatePaymentAndShippingInfo -->
        <test-method is-config="true" signature="tearDown()[pri:0, instance:SwagLabsTestCases.CheckOutTwoTestCase@60015ef5]" started-at="2025-08-25T17:17:01 IST" name="tearDown" finished-at="2025-08-25T17:17:02 IST" duration-ms="408" status="PASS">
          <reporter-output>
          </reporter-output>
        </test-method> <!-- tearDown -->
      </class> <!-- SwagLabsTestCases.CheckOutTwoTestCase -->
    </test> <!-- CheckOutTwoTest -->
  </suite> <!-- SwagLabs Checkout Suite (0) -->
</testng-results>
